2025-07-28 17:07:49,064 - aura - DEBUG - [http_checker.py:161] - Verificando ruta: GET http://localhost:5000/panel_cliente/aura/ads_backup (intento 1/3)
2025-07-28 17:07:55,242 - aura - DEBUG - [http_checker.py:161] - Verificando ruta: GET http://localhost:5000/panel_cliente/aura/clientes (intento 1/3)
2025-07-28 17:07:57,324 - aura - INFO - [http_checker.py:271] - Reintentando con barra final: http://localhost:5000/panel_cliente/aura/clientes/
2025-07-28 17:08:02,794 - aura - DEBUG - [http_checker.py:161] - Verificando ruta: GET http://localhost:5000/panel_cliente/aura/contactos (intento 1/3)
2025-07-28 17:08:04,909 - aura - INFO - [http_checker.py:271] - Reintentando con barra final: http://localhost:5000/panel_cliente/aura/contactos/
2025-07-28 17:08:09,791 - aura - DEBUG - [http_checker.py:161] - Verificando ruta: GET http://localhost:5000/panel_cliente/aura/contactos (intento 1/3)
2025-07-28 17:08:11,851 - aura - INFO - [http_checker.py:271] - Reintentando con barra final: http://localhost:5000/panel_cliente/aura/contactos/
2025-07-28 17:08:15,630 - aura - DEBUG - [http_checker.py:161] - Verificando ruta: GET http://localhost:5000/panel_cliente/aura/cursos (intento 1/3)
2025-07-28 17:08:20,082 - aura - DEBUG - [http_checker.py:161] - Verificando ruta: GET http://localhost:5000/panel_cliente/aura/entrenamiento (intento 1/3)
2025-07-28 17:08:22,168 - aura - INFO - [http_checker.py:271] - Reintentando con barra final: http://localhost:5000/panel_cliente/aura/entrenamiento/
2025-07-28 17:08:26,017 - aura - DEBUG - [http_checker.py:161] - Verificando ruta: GET http://localhost:5000/panel_cliente/aura/envios (intento 1/3)
2025-07-28 17:08:32,067 - aura - DEBUG - [http_checker.py:161] - Verificando ruta: GET http://localhost:5000/panel_cliente/aura/google_ads (intento 1/3)
2025-07-28 17:08:34,112 - aura - INFO - [http_checker.py:271] - Reintentando con barra final: http://localhost:5000/panel_cliente/aura/google_ads/
2025-07-28 17:08:39,658 - aura - DEBUG - [http_checker.py:161] - Verificando ruta: GET http://localhost:5000/panel_cliente/aura/google_ads (intento 1/3)
2025-07-28 17:08:41,781 - aura - INFO - [http_checker.py:271] - Reintentando con barra final: http://localhost:5000/panel_cliente/aura/google_ads/
2025-07-28 17:08:47,148 - aura - DEBUG - [http_checker.py:161] - Verificando ruta: GET http://localhost:5000/panel_cliente/aura/ia (intento 1/3)
2025-07-28 17:08:53,536 - aura - DEBUG - [http_checker.py:161] - Verificando ruta: GET http://localhost:5000/panel_cliente/aura/meta_ads (intento 1/3)
2025-07-28 17:08:55,577 - aura - INFO - [http_checker.py:271] - Reintentando con barra final: http://localhost:5000/panel_cliente/aura/meta_ads/
2025-07-28 17:08:59,317 - aura - DEBUG - [http_checker.py:161] - Verificando ruta: GET http://localhost:5000/panel_cliente/aura/pagos (intento 1/3)
2025-07-28 17:09:01,507 - aura - INFO - [http_checker.py:271] - Reintentando con barra final: http://localhost:5000/panel_cliente/aura/pagos/
2025-07-28 17:09:07,713 - aura - DEBUG - [http_checker.py:161] - Verificando ruta: GET http://localhost:5000/panel_cliente/aura/pagos_recibo (intento 1/3)
2025-07-28 17:09:13,852 - aura - DEBUG - [http_checker.py:161] - Verificando ruta: GET http://localhost:5000/panel_cliente/aura/respuestas (intento 1/3)
2025-07-28 17:09:19,616 - aura - DEBUG - [http_checker.py:161] - Verificando ruta: GET http://localhost:5000/panel_cliente/aura/tareas (intento 1/3)
2025-07-28 17:09:21,953 - aura - INFO - [http_checker.py:271] - Reintentando con barra final: http://localhost:5000/panel_cliente/aura/tareas/
2025-07-28 17:09:27,873 - aura - DEBUG - [http_checker.py:161] - Verificando ruta: GET http://localhost:5000/panel_cliente/aura/whatsapp (intento 1/3)
2025-07-28 17:09:30,413 - aura - INFO - [http_checker.py:271] - Reintentando con barra final: http://localhost:5000/panel_cliente/aura/whatsapp/
2025-07-28 17:09:37,023 - aura - DEBUG - [http_checker.py:161] - Verificando ruta: GET http://localhost:5000/panel_cliente/aura/whatsapp_web (intento 1/3)
2025-07-28 17:09:43,572 - aura - DEBUG - [http_checker.py:161] - Verificando ruta: GET http://localhost:5000/panel_cliente/aura/whatsapp_web (intento 1/3)
