2025-08-11 14:23:34,511 - aura - DEBUG - [http_checker.py:161] - Verificando ruta: GET http://localhost:5000/panel_cliente/aura/contactos (intento 1/3)
2025-08-11 14:23:39,978 - aura - WARNING - [http_checker.py:169] - Timeout al verificar http://localhost:5000/panel_cliente/aura/contactos (intento 1/3)
2025-08-11 14:23:40,492 - aura - DEBUG - [http_checker.py:161] - Verificando ruta: GET http://localhost:5000/panel_cliente/aura/contactos (intento 2/3)
2025-08-11 14:23:45,618 - aura - WARNING - [http_checker.py:169] - Timeout al verificar http://localhost:5000/panel_cliente/aura/contactos (intento 2/3)
2025-08-11 14:23:46,134 - aura - DEBUG - [http_checker.py:161] - Verificando ruta: GET http://localhost:5000/panel_cliente/aura/contactos (intento 3/3)
2025-08-11 14:23:51,332 - aura - WARNING - [http_checker.py:169] - Timeout al verificar http://localhost:5000/panel_cliente/aura/contactos (intento 3/3)
2025-08-11 14:23:53,910 - aura - DEBUG - [http_checker.py:161] - Verificando ruta: GET http://localhost:5000/panel_cliente/aura/entrenamiento (intento 1/3)
2025-08-11 14:23:59,351 - aura - WARNING - [http_checker.py:169] - Timeout al verificar http://localhost:5000/panel_cliente/aura/entrenamiento (intento 1/3)
2025-08-11 14:23:59,866 - aura - DEBUG - [http_checker.py:161] - Verificando ruta: GET http://localhost:5000/panel_cliente/aura/entrenamiento (intento 2/3)
2025-08-11 14:24:04,947 - aura - WARNING - [http_checker.py:169] - Timeout al verificar http://localhost:5000/panel_cliente/aura/entrenamiento (intento 2/3)
2025-08-11 14:24:05,462 - aura - DEBUG - [http_checker.py:161] - Verificando ruta: GET http://localhost:5000/panel_cliente/aura/entrenamiento (intento 3/3)
2025-08-11 14:24:10,519 - aura - WARNING - [http_checker.py:169] - Timeout al verificar http://localhost:5000/panel_cliente/aura/entrenamiento (intento 3/3)
2025-08-11 14:24:12,750 - aura - DEBUG - [http_checker.py:161] - Verificando ruta: GET http://localhost:5000/panel_cliente/aura/cursos (intento 1/3)
2025-08-11 14:24:18,200 - aura - WARNING - [http_checker.py:169] - Timeout al verificar http://localhost:5000/panel_cliente/aura/cursos (intento 1/3)
2025-08-11 14:24:18,710 - aura - DEBUG - [http_checker.py:161] - Verificando ruta: GET http://localhost:5000/panel_cliente/aura/cursos (intento 2/3)
2025-08-11 14:24:23,771 - aura - WARNING - [http_checker.py:169] - Timeout al verificar http://localhost:5000/panel_cliente/aura/cursos (intento 2/3)
2025-08-11 14:24:24,283 - aura - DEBUG - [http_checker.py:161] - Verificando ruta: GET http://localhost:5000/panel_cliente/aura/cursos (intento 3/3)
2025-08-11 14:24:29,340 - aura - WARNING - [http_checker.py:169] - Timeout al verificar http://localhost:5000/panel_cliente/aura/cursos (intento 3/3)
2025-08-11 14:24:31,626 - aura - DEBUG - [http_checker.py:161] - Verificando ruta: GET http://localhost:5000/panel_cliente/aura/notificaciones (intento 1/3)
2025-08-11 14:24:37,028 - aura - WARNING - [http_checker.py:169] - Timeout al verificar http://localhost:5000/panel_cliente/aura/notificaciones (intento 1/3)
2025-08-11 14:24:37,540 - aura - DEBUG - [http_checker.py:161] - Verificando ruta: GET http://localhost:5000/panel_cliente/aura/notificaciones (intento 2/3)
2025-08-11 14:24:42,622 - aura - WARNING - [http_checker.py:169] - Timeout al verificar http://localhost:5000/panel_cliente/aura/notificaciones (intento 2/3)
2025-08-11 14:24:43,135 - aura - DEBUG - [http_checker.py:161] - Verificando ruta: GET http://localhost:5000/panel_cliente/aura/notificaciones (intento 3/3)
2025-08-11 14:24:48,392 - aura - WARNING - [http_checker.py:169] - Timeout al verificar http://localhost:5000/panel_cliente/aura/notificaciones (intento 3/3)
2025-08-11 14:24:50,998 - aura - DEBUG - [http_checker.py:161] - Verificando ruta: GET http://localhost:5000/panel_cliente/aura/airbnb (intento 1/3)
2025-08-11 14:24:56,387 - aura - WARNING - [http_checker.py:169] - Timeout al verificar http://localhost:5000/panel_cliente/aura/airbnb (intento 1/3)
2025-08-11 14:24:56,899 - aura - DEBUG - [http_checker.py:161] - Verificando ruta: GET http://localhost:5000/panel_cliente/aura/airbnb (intento 2/3)
2025-08-11 14:25:01,994 - aura - WARNING - [http_checker.py:169] - Timeout al verificar http://localhost:5000/panel_cliente/aura/airbnb (intento 2/3)
2025-08-11 14:25:02,504 - aura - DEBUG - [http_checker.py:161] - Verificando ruta: GET http://localhost:5000/panel_cliente/aura/airbnb (intento 3/3)
2025-08-11 14:25:07,564 - aura - WARNING - [http_checker.py:169] - Timeout al verificar http://localhost:5000/panel_cliente/aura/airbnb (intento 3/3)
2025-08-11 14:25:10,041 - aura - DEBUG - [http_checker.py:161] - Verificando ruta: GET http://localhost:5000/panel_cliente/aura/meta_ads (intento 1/3)
2025-08-11 14:25:15,459 - aura - WARNING - [http_checker.py:169] - Timeout al verificar http://localhost:5000/panel_cliente/aura/meta_ads (intento 1/3)
2025-08-11 14:25:15,971 - aura - DEBUG - [http_checker.py:161] - Verificando ruta: GET http://localhost:5000/panel_cliente/aura/meta_ads (intento 2/3)
2025-08-11 14:25:21,042 - aura - WARNING - [http_checker.py:169] - Timeout al verificar http://localhost:5000/panel_cliente/aura/meta_ads (intento 2/3)
2025-08-11 14:25:21,553 - aura - DEBUG - [http_checker.py:161] - Verificando ruta: GET http://localhost:5000/panel_cliente/aura/meta_ads (intento 3/3)
2025-08-11 14:25:26,611 - aura - WARNING - [http_checker.py:169] - Timeout al verificar http://localhost:5000/panel_cliente/aura/meta_ads (intento 3/3)
2025-08-11 14:25:29,164 - aura - DEBUG - [http_checker.py:161] - Verificando ruta: GET http://localhost:5000/panel_cliente/aura/qr_whatsapp_web (intento 1/3)
2025-08-11 14:25:34,568 - aura - WARNING - [http_checker.py:169] - Timeout al verificar http://localhost:5000/panel_cliente/aura/qr_whatsapp_web (intento 1/3)
2025-08-11 14:25:35,080 - aura - DEBUG - [http_checker.py:161] - Verificando ruta: GET http://localhost:5000/panel_cliente/aura/qr_whatsapp_web (intento 2/3)
2025-08-11 14:25:40,334 - aura - WARNING - [http_checker.py:169] - Timeout al verificar http://localhost:5000/panel_cliente/aura/qr_whatsapp_web (intento 2/3)
2025-08-11 14:25:40,848 - aura - DEBUG - [http_checker.py:161] - Verificando ruta: GET http://localhost:5000/panel_cliente/aura/qr_whatsapp_web (intento 3/3)
2025-08-11 14:25:46,021 - aura - WARNING - [http_checker.py:169] - Timeout al verificar http://localhost:5000/panel_cliente/aura/qr_whatsapp_web (intento 3/3)
2025-08-11 14:25:48,607 - aura - DEBUG - [http_checker.py:161] - Verificando ruta: GET http://localhost:5000/panel_cliente/aura/call_center (intento 1/3)
2025-08-11 14:25:54,115 - aura - WARNING - [http_checker.py:169] - Timeout al verificar http://localhost:5000/panel_cliente/aura/call_center (intento 1/3)
2025-08-11 14:25:54,626 - aura - DEBUG - [http_checker.py:161] - Verificando ruta: GET http://localhost:5000/panel_cliente/aura/call_center (intento 2/3)
2025-08-11 14:25:59,834 - aura - WARNING - [http_checker.py:169] - Timeout al verificar http://localhost:5000/panel_cliente/aura/call_center (intento 2/3)
2025-08-11 14:26:00,344 - aura - DEBUG - [http_checker.py:161] - Verificando ruta: GET http://localhost:5000/panel_cliente/aura/call_center (intento 3/3)
2025-08-11 15:18:10,519 - aura - DEBUG - [http_checker.py:161] - Verificando ruta: GET http://localhost:5000/panel_cliente/aura/contactos (intento 1/3)
2025-08-11 15:18:15,818 - aura - WARNING - [http_checker.py:169] - Timeout al verificar http://localhost:5000/panel_cliente/aura/contactos (intento 1/3)
2025-08-11 15:18:16,330 - aura - DEBUG - [http_checker.py:161] - Verificando ruta: GET http://localhost:5000/panel_cliente/aura/contactos (intento 2/3)
2025-08-11 15:18:21,392 - aura - WARNING - [http_checker.py:169] - Timeout al verificar http://localhost:5000/panel_cliente/aura/contactos (intento 2/3)
2025-08-11 15:18:21,905 - aura - DEBUG - [http_checker.py:161] - Verificando ruta: GET http://localhost:5000/panel_cliente/aura/contactos (intento 3/3)
2025-08-11 15:18:26,964 - aura - WARNING - [http_checker.py:169] - Timeout al verificar http://localhost:5000/panel_cliente/aura/contactos (intento 3/3)
2025-08-11 15:18:29,371 - aura - DEBUG - [http_checker.py:161] - Verificando ruta: GET http://localhost:5000/panel_cliente/aura/entrenamiento (intento 1/3)
2025-08-11 15:18:34,593 - aura - WARNING - [http_checker.py:169] - Timeout al verificar http://localhost:5000/panel_cliente/aura/entrenamiento (intento 1/3)
2025-08-11 15:18:35,097 - aura - DEBUG - [http_checker.py:161] - Verificando ruta: GET http://localhost:5000/panel_cliente/aura/entrenamiento (intento 2/3)
2025-08-11 15:18:40,545 - aura - WARNING - [http_checker.py:169] - Timeout al verificar http://localhost:5000/panel_cliente/aura/entrenamiento (intento 2/3)
2025-08-11 15:18:41,053 - aura - DEBUG - [http_checker.py:161] - Verificando ruta: GET http://localhost:5000/panel_cliente/aura/entrenamiento (intento 3/3)
2025-08-11 15:18:46,440 - aura - WARNING - [http_checker.py:169] - Timeout al verificar http://localhost:5000/panel_cliente/aura/entrenamiento (intento 3/3)
2025-08-11 15:18:48,870 - aura - DEBUG - [http_checker.py:161] - Verificando ruta: GET http://localhost:5000/panel_cliente/aura/cursos (intento 1/3)
2025-08-11 15:18:54,105 - aura - WARNING - [http_checker.py:169] - Timeout al verificar http://localhost:5000/panel_cliente/aura/cursos (intento 1/3)
2025-08-11 15:18:54,612 - aura - DEBUG - [http_checker.py:161] - Verificando ruta: GET http://localhost:5000/panel_cliente/aura/cursos (intento 2/3)
2025-08-11 15:19:00,040 - aura - DEBUG - [http_checker.py:161] - Verificando ruta: GET http://localhost:5000/panel_cliente/aura/contactos (intento 1/3)
2025-08-11 15:19:02,329 - aura - INFO - [http_checker.py:271] - Reintentando con barra final: http://localhost:5000/panel_cliente/aura/contactos/
2025-08-11 15:20:32,243 - aura - DEBUG - [http_checker.py:161] - Verificando ruta: GET http://localhost:5000/panel_cliente/aura/contactos (intento 1/3)
2025-08-11 15:20:34,566 - aura - INFO - [http_checker.py:271] - Reintentando con barra final: http://localhost:5000/panel_cliente/aura/contactos/
2025-08-11 15:20:40,526 - aura - DEBUG - [http_checker.py:161] - Verificando ruta: GET http://localhost:5000/panel_cliente/aura/entrenamiento (intento 1/3)
2025-08-11 15:20:42,401 - aura - DEBUG - [http_checker.py:161] - Verificando ruta: GET http://localhost:5000/panel_cliente/aura/contactos (intento 1/3)
2025-08-11 15:20:42,577 - aura - INFO - [http_checker.py:271] - Reintentando con barra final: http://localhost:5000/panel_cliente/aura/entrenamiento/
2025-08-11 15:20:44,787 - aura - INFO - [http_checker.py:271] - Reintentando con barra final: http://localhost:5000/panel_cliente/aura/contactos/
2025-08-11 15:20:47,048 - aura - DEBUG - [http_checker.py:161] - Verificando ruta: GET http://localhost:5000/panel_cliente/aura/cursos (intento 1/3)
2025-08-11 15:20:49,062 - aura - DEBUG - [http_checker.py:161] - Verificando ruta: GET http://localhost:5000/panel_cliente/aura/entrenamiento (intento 1/3)
2025-08-11 15:20:49,106 - aura - INFO - [http_checker.py:271] - Reintentando con barra final: http://localhost:5000/panel_cliente/aura/cursos/
2025-08-11 15:20:51,337 - aura - INFO - [http_checker.py:271] - Reintentando con barra final: http://localhost:5000/panel_cliente/aura/entrenamiento/
2025-08-11 15:20:53,606 - aura - DEBUG - [http_checker.py:161] - Verificando ruta: GET http://localhost:5000/panel_cliente/aura/notificaciones (intento 1/3)
2025-08-11 15:20:55,507 - aura - DEBUG - [http_checker.py:161] - Verificando ruta: GET http://localhost:5000/panel_cliente/aura/cursos (intento 1/3)
2025-08-11 15:20:55,656 - aura - INFO - [http_checker.py:271] - Reintentando con barra final: http://localhost:5000/panel_cliente/aura/notificaciones/
2025-08-11 15:20:57,851 - aura - INFO - [http_checker.py:271] - Reintentando con barra final: http://localhost:5000/panel_cliente/aura/cursos/
2025-08-11 15:21:00,053 - aura - DEBUG - [http_checker.py:161] - Verificando ruta: GET http://localhost:5000/panel_cliente/aura/airbnb (intento 1/3)
2025-08-11 15:21:02,099 - aura - INFO - [http_checker.py:271] - Reintentando con barra final: http://localhost:5000/panel_cliente/aura/airbnb/
2025-08-11 15:21:02,434 - aura - DEBUG - [http_checker.py:161] - Verificando ruta: GET http://localhost:5000/panel_cliente/aura/notificaciones (intento 1/3)
2025-08-11 15:21:06,028 - aura - INFO - [http_checker.py:271] - Reintentando con barra final: http://localhost:5000/panel_cliente/aura/notificaciones/
2025-08-11 15:21:06,435 - aura - DEBUG - [http_checker.py:161] - Verificando ruta: GET http://localhost:5000/panel_cliente/aura/meta_ads (intento 1/3)
2025-08-11 15:21:09,637 - aura - INFO - [http_checker.py:271] - Reintentando con barra final: http://localhost:5000/panel_cliente/aura/meta_ads/
2025-08-11 15:21:10,055 - aura - DEBUG - [http_checker.py:161] - Verificando ruta: GET http://localhost:5000/panel_cliente/aura/airbnb (intento 1/3)
2025-08-11 15:21:13,303 - aura - INFO - [http_checker.py:271] - Reintentando con barra final: http://localhost:5000/panel_cliente/aura/airbnb/
2025-08-11 15:21:13,724 - aura - DEBUG - [http_checker.py:161] - Verificando ruta: GET http://localhost:5000/panel_cliente/aura/qr_whatsapp_web (intento 1/3)
2025-08-11 15:21:18,708 - aura - DEBUG - [http_checker.py:161] - Verificando ruta: GET http://localhost:5000/panel_cliente/aura/meta_ads (intento 1/3)
2025-08-11 15:21:19,125 - aura - DEBUG - [http_checker.py:161] - Verificando ruta: GET http://localhost:5000/panel_cliente/aura/call_center (intento 1/3)
2025-08-11 15:21:20,748 - aura - INFO - [http_checker.py:271] - Reintentando con barra final: http://localhost:5000/panel_cliente/aura/meta_ads/
2025-08-11 15:21:21,512 - aura - INFO - [http_checker.py:271] - Reintentando con barra final: http://localhost:5000/panel_cliente/aura/call_center/
2025-08-11 15:21:25,994 - aura - DEBUG - [http_checker.py:161] - Verificando ruta: GET http://localhost:5000/panel_cliente/aura/qr_whatsapp_web (intento 1/3)
2025-08-11 15:21:26,431 - aura - DEBUG - [http_checker.py:161] - Verificando ruta: GET http://localhost:5000/panel_cliente/aura/tareas (intento 1/3)
2025-08-11 15:21:29,566 - aura - INFO - [http_checker.py:271] - Reintentando con barra final: http://localhost:5000/panel_cliente/aura/tareas/
2025-08-11 15:21:29,976 - aura - DEBUG - [http_checker.py:161] - Verificando ruta: GET http://localhost:5000/panel_cliente/aura/call_center (intento 1/3)
2025-08-11 15:21:32,373 - aura - INFO - [http_checker.py:271] - Reintentando con barra final: http://localhost:5000/panel_cliente/aura/call_center/
2025-08-11 15:21:35,954 - aura - DEBUG - [http_checker.py:161] - Verificando ruta: GET http://localhost:5000/panel_cliente/aura/encuestas (intento 1/3)
2025-08-11 15:21:36,356 - aura - DEBUG - [http_checker.py:161] - Verificando ruta: GET http://localhost:5000/panel_cliente/aura/tareas (intento 1/3)
2025-08-11 15:21:38,015 - aura - INFO - [http_checker.py:271] - Reintentando con barra final: http://localhost:5000/panel_cliente/aura/encuestas/
2025-08-11 15:21:38,679 - aura - INFO - [http_checker.py:271] - Reintentando con barra final: http://localhost:5000/panel_cliente/aura/tareas/
2025-08-11 15:21:42,253 - aura - DEBUG - [http_checker.py:161] - Verificando ruta: GET http://localhost:5000/panel_cliente/aura/clientes (intento 1/3)
2025-08-11 15:21:46,544 - aura - INFO - [http_checker.py:271] - Reintentando con barra final: http://localhost:5000/panel_cliente/aura/clientes/
2025-08-11 15:21:46,961 - aura - DEBUG - [http_checker.py:161] - Verificando ruta: GET http://localhost:5000/panel_cliente/aura/encuestas (intento 1/3)
2025-08-11 15:21:49,005 - aura - INFO - [http_checker.py:271] - Reintentando con barra final: http://localhost:5000/panel_cliente/aura/encuestas/
2025-08-11 15:21:51,077 - aura - DEBUG - [http_checker.py:161] - Verificando ruta: GET http://localhost:5000/panel_cliente/aura/agenda (intento 1/3)
2025-08-11 15:21:53,139 - aura - INFO - [http_checker.py:271] - Reintentando con barra final: http://localhost:5000/panel_cliente/aura/agenda/
2025-08-11 15:21:53,302 - aura - DEBUG - [http_checker.py:161] - Verificando ruta: GET http://localhost:5000/panel_cliente/aura/clientes (intento 1/3)
2025-08-11 15:21:57,230 - aura - INFO - [http_checker.py:271] - Reintentando con barra final: http://localhost:5000/panel_cliente/aura/clientes/
2025-08-11 15:21:57,628 - aura - DEBUG - [http_checker.py:161] - Verificando ruta: GET http://localhost:5000/panel_cliente/aura/alertas (intento 1/3)
2025-08-11 15:22:01,164 - aura - INFO - [http_checker.py:271] - Reintentando con barra final: http://localhost:5000/panel_cliente/aura/alertas/
2025-08-11 15:22:01,591 - aura - DEBUG - [http_checker.py:161] - Verificando ruta: GET http://localhost:5000/panel_cliente/aura/agenda (intento 1/3)
2025-08-11 15:22:05,293 - aura - INFO - [http_checker.py:271] - Reintentando con barra final: http://localhost:5000/panel_cliente/aura/agenda/
2025-08-11 15:22:05,827 - aura - DEBUG - [http_checker.py:161] - Verificando ruta: GET http://localhost:5000/panel_cliente/aura/lading_pages (intento 1/3)
2025-08-11 15:22:08,893 - aura - INFO - [http_checker.py:271] - Reintentando con barra final: http://localhost:5000/panel_cliente/aura/lading_pages/
2025-08-11 15:22:09,297 - aura - DEBUG - [http_checker.py:161] - Verificando ruta: GET http://localhost:5000/panel_cliente/aura/alertas (intento 1/3)
2025-08-11 15:22:11,772 - aura - INFO - [http_checker.py:271] - Reintentando con barra final: http://localhost:5000/panel_cliente/aura/alertas/
2025-08-11 15:22:13,803 - aura - DEBUG - [http_checker.py:161] - Verificando ruta: GET http://localhost:5000/panel_cliente/aura/contenidos (intento 1/3)
2025-08-11 15:22:15,860 - aura - INFO - [http_checker.py:271] - Reintentando con barra final: http://localhost:5000/panel_cliente/aura/contenidos/
2025-08-11 15:22:15,959 - aura - DEBUG - [http_checker.py:161] - Verificando ruta: GET http://localhost:5000/panel_cliente/aura/lading_pages (intento 1/3)
2025-08-11 15:22:19,688 - aura - INFO - [http_checker.py:271] - Reintentando con barra final: http://localhost:5000/panel_cliente/aura/lading_pages/
2025-08-11 15:22:20,107 - aura - DEBUG - [http_checker.py:161] - Verificando ruta: GET http://localhost:5000/panel_cliente/aura/redes_sociales (intento 1/3)
2025-08-11 15:22:22,528 - aura - INFO - [http_checker.py:271] - Reintentando con barra final: http://localhost:5000/panel_cliente/aura/redes_sociales/
2025-08-11 15:22:24,739 - aura - DEBUG - [http_checker.py:161] - Verificando ruta: GET http://localhost:5000/panel_cliente/aura/contenidos (intento 1/3)
2025-08-11 15:22:26,797 - aura - INFO - [http_checker.py:271] - Reintentando con barra final: http://localhost:5000/panel_cliente/aura/contenidos/
2025-08-11 15:22:26,994 - aura - DEBUG - [http_checker.py:161] - Verificando ruta: GET http://localhost:5000/panel_cliente/aura/bienes_raices (intento 1/3)
2025-08-11 15:22:30,992 - aura - INFO - [http_checker.py:271] - Reintentando con barra final: http://localhost:5000/panel_cliente/aura/bienes_raices/
2025-08-11 15:22:31,383 - aura - DEBUG - [http_checker.py:161] - Verificando ruta: GET http://localhost:5000/panel_cliente/aura/redes_sociales (intento 1/3)
2025-08-11 15:22:34,657 - aura - INFO - [http_checker.py:271] - Reintentando con barra final: http://localhost:5000/panel_cliente/aura/redes_sociales/
2025-08-11 15:22:35,044 - aura - DEBUG - [http_checker.py:161] - Verificando ruta: GET http://localhost:5000/panel_cliente/aura/google_maps (intento 1/3)
2025-08-11 15:22:38,251 - aura - INFO - [http_checker.py:271] - Reintentando con barra final: http://localhost:5000/panel_cliente/aura/google_maps/
2025-08-11 15:22:38,642 - aura - DEBUG - [http_checker.py:161] - Verificando ruta: GET http://localhost:5000/panel_cliente/aura/bienes_raices (intento 1/3)
2025-08-11 15:22:41,913 - aura - INFO - [http_checker.py:271] - Reintentando con barra final: http://localhost:5000/panel_cliente/aura/bienes_raices/
2025-08-11 15:22:42,296 - aura - DEBUG - [http_checker.py:161] - Verificando ruta: GET http://localhost:5000/panel_cliente/aura/google_ads (intento 1/3)
2025-08-11 15:22:45,498 - aura - INFO - [http_checker.py:271] - Reintentando con barra final: http://localhost:5000/panel_cliente/aura/google_ads/
2025-08-11 15:22:45,946 - aura - DEBUG - [http_checker.py:161] - Verificando ruta: GET http://localhost:5000/panel_cliente/aura/google_maps (intento 1/3)
2025-08-11 15:22:49,212 - aura - INFO - [http_checker.py:271] - Reintentando con barra final: http://localhost:5000/panel_cliente/aura/google_maps/
2025-08-11 15:22:49,618 - aura - DEBUG - [http_checker.py:161] - Verificando ruta: GET http://localhost:5000/panel_cliente/aura/pagos (intento 1/3)
2025-08-11 15:22:53,198 - aura - INFO - [http_checker.py:271] - Reintentando con barra final: http://localhost:5000/panel_cliente/aura/pagos/
2025-08-11 15:22:53,590 - aura - DEBUG - [http_checker.py:161] - Verificando ruta: GET http://localhost:5000/panel_cliente/aura/google_ads (intento 1/3)
2025-08-11 15:22:57,011 - aura - INFO - [http_checker.py:271] - Reintentando con barra final: http://localhost:5000/panel_cliente/aura/google_ads/
2025-08-11 15:22:57,439 - aura - DEBUG - [http_checker.py:161] - Verificando ruta: GET http://localhost:5000/panel_cliente/aura/open_table (intento 1/3)
2025-08-11 15:23:00,839 - aura - INFO - [http_checker.py:271] - Reintentando con barra final: http://localhost:5000/panel_cliente/aura/open_table/
2025-08-11 15:23:01,267 - aura - DEBUG - [http_checker.py:161] - Verificando ruta: GET http://localhost:5000/panel_cliente/aura/pagos (intento 1/3)
2025-08-11 15:23:04,619 - aura - INFO - [http_checker.py:271] - Reintentando con barra final: http://localhost:5000/panel_cliente/aura/pagos/
2025-08-11 15:23:05,150 - aura - DEBUG - [http_checker.py:161] - Verificando ruta: GET http://localhost:5000/panel_cliente/aura/api_center (intento 1/3)
2025-08-11 15:23:08,325 - aura - INFO - [http_checker.py:271] - Reintentando con barra final: http://localhost:5000/panel_cliente/aura/api_center/
2025-08-11 15:23:08,708 - aura - DEBUG - [http_checker.py:161] - Verificando ruta: GET http://localhost:5000/panel_cliente/aura/open_table (intento 1/3)
2025-08-11 15:23:12,492 - aura - INFO - [http_checker.py:271] - Reintentando con barra final: http://localhost:5000/panel_cliente/aura/open_table/
2025-08-11 15:23:12,892 - aura - DEBUG - [http_checker.py:161] - Verificando ruta: GET http://localhost:5000/panel_cliente/aura/bienesraices (intento 1/3)
2025-08-11 15:23:16,144 - aura - INFO - [http_checker.py:271] - Reintentando con barra final: http://localhost:5000/panel_cliente/aura/bienesraices/
2025-08-11 15:23:16,530 - aura - DEBUG - [http_checker.py:161] - Verificando ruta: GET http://localhost:5000/panel_cliente/aura/api_center (intento 1/3)
2025-08-11 15:23:20,094 - aura - INFO - [http_checker.py:271] - Reintentando con barra final: http://localhost:5000/panel_cliente/aura/api_center/
2025-08-11 15:23:20,502 - aura - DEBUG - [http_checker.py:161] - Verificando ruta: GET http://localhost:5000/panel_cliente/aura/automatizaciones (intento 1/3)
2025-08-11 15:23:24,502 - aura - INFO - [http_checker.py:271] - Reintentando con barra final: http://localhost:5000/panel_cliente/aura/automatizaciones/
2025-08-11 15:23:24,909 - aura - DEBUG - [http_checker.py:161] - Verificando ruta: GET http://localhost:5000/panel_cliente/aura/bienesraices (intento 1/3)
2025-08-11 15:23:27,030 - aura - INFO - [http_checker.py:271] - Reintentando con barra final: http://localhost:5000/panel_cliente/aura/bienesraices/
2025-08-11 15:23:31,937 - aura - DEBUG - [http_checker.py:161] - Verificando ruta: GET http://localhost:5000/panel_cliente/aura/automatizaciones (intento 1/3)
2025-08-11 15:23:34,242 - aura - INFO - [http_checker.py:271] - Reintentando con barra final: http://localhost:5000/panel_cliente/aura/automatizaciones/
